This file contains any messages produced by compilers while
running configure, to aid debugging if configure makes a mistake.

It was created by hpat-parquet-reader configure 0.1, which was
generated by GNU Autoconf 2.69.  Invocation command line was

  $ ./configure --prefix=/root/anaconda3/envs/HPAT

## --------- ##
## Platform. ##
## --------- ##

hostname = d3b40cab2c44
uname -m = x86_64
uname -r = 4.9.49-moby
uname -s = Linux
uname -v = #1 SMP Wed Sep 27 23:17:17 UTC 2017

/usr/bin/uname -p = unknown
/bin/uname -X     = unknown

/bin/arch              = unknown
/usr/bin/arch -k       = unknown
/usr/convex/getsysinfo = unknown
/usr/bin/hostinfo      = unknown
/bin/machine           = unknown
/usr/bin/oslevel       = unknown
/bin/universe          = unknown

PATH: /root/anaconda3/envs/HPAT/bin
PATH: /root/anaconda3/bin/
PATH: /root/anaconda3/bin/
PATH: /usr/local/sbin
PATH: /usr/local/bin
PATH: /usr/sbin
PATH: /usr/bin
PATH: /sbin
PATH: /bin


## ----------- ##
## Core tests. ##
## ----------- ##

configure:2499: checking for a BSD-compatible install
configure:2567: result: /usr/bin/install -c
configure:2578: checking whether build environment is sane
configure:2633: result: yes
configure:2784: checking for a thread-safe mkdir -p
configure:2823: result: /bin/mkdir -p
configure:2830: checking for gawk
configure:2860: result: no
configure:2830: checking for mawk
configure:2846: found /usr/bin/mawk
configure:2857: result: mawk
configure:2868: checking whether make sets $(MAKE)
configure:2890: result: yes
configure:2919: checking whether make supports nested variables
configure:2936: result: yes
configure:3210: checking that generated files are newer than configure
configure:3216: result: done
configure:3224: creating ./config.status

## ---------------------- ##
## Running config.status. ##
## ---------------------- ##

This file was extended by hpat-parquet-reader config.status 0.1, which was
generated by GNU Autoconf 2.69.  Invocation command line was

  CONFIG_FILES    = 
  CONFIG_HEADERS  = 
  CONFIG_LINKS    = 
  CONFIG_COMMANDS = 
  $ ./config.status 

on d3b40cab2c44

config.status:802: creating Makefile
config.status:802: creating src/Makefile
configure:4277: checking build system type
configure:4291: result: x86_64-pc-linux-gnu
configure:4311: checking host system type
configure:4324: result: x86_64-pc-linux-gnu
configure:4365: checking how to print strings
configure:4392: result: printf
configure:4425: checking for style of include used by make
configure:4453: result: GNU
configure:4524: checking for gcc
configure:4551: result: /root/anaconda3/envs/HPAT/bin/x86_64-conda_cos6-linux-gnu-cc
configure:4780: checking for C compiler version
configure:4789: /root/anaconda3/envs/HPAT/bin/x86_64-conda_cos6-linux-gnu-cc --version >&5
x86_64-conda_cos6-linux-gnu-cc (crosstool-NG 8a21ab48) 7.2.0
Copyright (C) 2017 Free Software Foundation, Inc.
This is free software; see the source for copying conditions.  There is NO
warranty; not even for MERCHANTABILITY or FITNESS FOR A PARTICULAR PURPOSE.

configure:4800: $? = 0
configure:4789: /root/anaconda3/envs/HPAT/bin/x86_64-conda_cos6-linux-gnu-cc -v >&5
Reading specs from /root/anaconda3/envs/HPAT/bin/../lib/gcc/x86_64-conda_cos6-linux-gnu/7.2.0/specs
COLLECT_GCC=/root/anaconda3/envs/HPAT/bin/x86_64-conda_cos6-linux-gnu-cc
COLLECT_LTO_WRAPPER=/root/anaconda3/envs/HPAT/bin/../libexec/gcc/x86_64-conda_cos6-linux-gnu/7.2.0/lto-wrapper
Target: x86_64-conda_cos6-linux-gnu
Configured with: /home/msarahan/miniconda2/conda-bld/compilers_linux-64_1507259624353/work/.build/src/gcc-7.2.0/configure --build=x86_64-build_pc-linux-gnu --host=x86_64-build_pc-linux-gnu --target=x86_64-conda_cos6-linux-gnu --prefix=/home/msarahan/miniconda2/conda-bld/compilers_linux-64_1507259624353/work/gcc_built --with-sysroot=/home/msarahan/miniconda2/conda-bld/compilers_linux-64_1507259624353/work/gcc_built/x86_64-conda_cos6-linux-gnu/sysroot --enable-languages=c,c++,fortran,objc,obj-c++ --with-pkgversion='crosstool-NG 8a21ab48' --enable-__cxa_atexit --disable-libmudflap --enable-libgomp --disable-libssp --enable-libquadmath --enable-libquadmath-support --enable-libsanitizer --enable-libmpx --with-gmp=/home/msarahan/miniconda2/conda-bld/compilers_linux-64_1507259624353/work/.build/x86_64-conda_cos6-linux-gnu/buildtools --with-mpfr=/home/msarahan/miniconda2/conda-bld/compilers_linux-64_1507259624353/work/.build/x86_64-conda_cos6-linux-gnu/buildtools --with-mpc=/home/msarahan/miniconda2/conda-bld/compilers_linux-64_1507259624353/work/.build/x86_64-conda_cos6-linux-gnu/buildtools --with-isl=/home/msarahan/miniconda2/conda-bld/compilers_linux-64_1507259624353/work/.build/x86_64-conda_cos6-linux-gnu/buildtools --enable-lto --enable-threads=posix --enable-target-optspace --enable-plugin --enable-gold --disable-nls --disable-multilib --with-local-prefix=/home/msarahan/miniconda2/conda-bld/compilers_linux-64_1507259624353/work/gcc_built/x86_64-conda_cos6-linux-gnu/sysroot --enable-long-long --enable-default-pie
Thread model: posix
gcc version 7.2.0 (crosstool-NG 8a21ab48) 
configure:4800: $? = 0
configure:4789: /root/anaconda3/envs/HPAT/bin/x86_64-conda_cos6-linux-gnu-cc -V >&5
x86_64-conda_cos6-linux-gnu-cc: error: unrecognized command line option '-V'
x86_64-conda_cos6-linux-gnu-cc: fatal error: no input files
compilation terminated.
configure:4800: $? = 1
configure:4789: /root/anaconda3/envs/HPAT/bin/x86_64-conda_cos6-linux-gnu-cc -qversion >&5
x86_64-conda_cos6-linux-gnu-cc: error: unrecognized command line option '-qversion'; did you mean '--version'?
x86_64-conda_cos6-linux-gnu-cc: fatal error: no input files
compilation terminated.
configure:4800: $? = 1
configure:4820: checking whether the C compiler works
configure:4842: /root/anaconda3/envs/HPAT/bin/x86_64-conda_cos6-linux-gnu-cc -march=nocona -mtune=haswell -ftree-vectorize -fPIC -fstack-protector-strong -fno-plt -O2 -pipe -D_FORTIFY_SOURCE=2 -O2 -Wl,-O2 -Wl,--sort-common -Wl,--as-needed -Wl,-z,relro -Wl,-z,now conftest.c  >&5
configure:4846: $? = 0
configure:4894: result: yes
configure:4897: checking for C compiler default output file name
configure:4899: result: a.out
configure:4905: checking for suffix of executables
configure:4912: /root/anaconda3/envs/HPAT/bin/x86_64-conda_cos6-linux-gnu-cc -o conftest -march=nocona -mtune=haswell -ftree-vectorize -fPIC -fstack-protector-strong -fno-plt -O2 -pipe -D_FORTIFY_SOURCE=2 -O2 -Wl,-O2 -Wl,--sort-common -Wl,--as-needed -Wl,-z,relro -Wl,-z,now conftest.c  >&5
configure:4916: $? = 0
configure:4938: result: 
configure:4960: checking whether we are cross compiling
configure:4968: /root/anaconda3/envs/HPAT/bin/x86_64-conda_cos6-linux-gnu-cc -o conftest -march=nocona -mtune=haswell -ftree-vectorize -fPIC -fstack-protector-strong -fno-plt -O2 -pipe -D_FORTIFY_SOURCE=2 -O2 -Wl,-O2 -Wl,--sort-common -Wl,--as-needed -Wl,-z,relro -Wl,-z,now conftest.c  >&5
configure:4972: $? = 0
configure:4979: ./conftest
configure:4983: $? = 0
configure:4998: result: no
configure:5003: checking for suffix of object files
configure:5025: /root/anaconda3/envs/HPAT/bin/x86_64-conda_cos6-linux-gnu-cc -c -march=nocona -mtune=haswell -ftree-vectorize -fPIC -fstack-protector-strong -fno-plt -O2 -pipe -D_FORTIFY_SOURCE=2 -O2 conftest.c >&5
configure:5029: $? = 0
configure:5050: result: o
configure:5054: checking whether we are using the GNU C compiler
configure:5073: /root/anaconda3/envs/HPAT/bin/x86_64-conda_cos6-linux-gnu-cc -c -march=nocona -mtune=haswell -ftree-vectorize -fPIC -fstack-protector-strong -fno-plt -O2 -pipe -D_FORTIFY_SOURCE=2 -O2 conftest.c >&5
configure:5073: $? = 0
configure:5082: result: yes
configure:5091: checking whether /root/anaconda3/envs/HPAT/bin/x86_64-conda_cos6-linux-gnu-cc accepts -g
configure:5111: /root/anaconda3/envs/HPAT/bin/x86_64-conda_cos6-linux-gnu-cc -c -g -D_FORTIFY_SOURCE=2 -O2 conftest.c >&5
configure:5111: $? = 0
configure:5152: result: yes
configure:5169: checking for /root/anaconda3/envs/HPAT/bin/x86_64-conda_cos6-linux-gnu-cc option to accept ISO C89
configure:5232: /root/anaconda3/envs/HPAT/bin/x86_64-conda_cos6-linux-gnu-cc  -c -march=nocona -mtune=haswell -ftree-vectorize -fPIC -fstack-protector-strong -fno-plt -O2 -pipe -D_FORTIFY_SOURCE=2 -O2 conftest.c >&5
configure:5232: $? = 0
configure:5245: result: none needed
configure:5270: checking whether /root/anaconda3/envs/HPAT/bin/x86_64-conda_cos6-linux-gnu-cc understands -c and -o together
configure:5292: /root/anaconda3/envs/HPAT/bin/x86_64-conda_cos6-linux-gnu-cc -c conftest.c -o conftest2.o
configure:5295: $? = 0
configure:5292: /root/anaconda3/envs/HPAT/bin/x86_64-conda_cos6-linux-gnu-cc -c conftest.c -o conftest2.o
configure:5295: $? = 0
configure:5307: result: yes
configure:5326: checking dependency style of /root/anaconda3/envs/HPAT/bin/x86_64-conda_cos6-linux-gnu-cc
configure:5437: result: gcc3
configure:5452: checking for a sed that does not truncate output
configure:5516: result: /bin/sed
configure:5534: checking for grep that handles long lines and -e
configure:5592: result: /bin/grep
configure:5597: checking for egrep
configure:5659: result: /bin/grep -E
configure:5664: checking for fgrep
configure:5726: result: /bin/grep -F
configure:5761: checking for ld used by /root/anaconda3/envs/HPAT/bin/x86_64-conda_cos6-linux-gnu-cc
configure:5828: result: /root/anaconda3/envs/HPAT/bin/x86_64-conda_cos6-linux-gnu-ld
configure:5835: checking if the linker (/root/anaconda3/envs/HPAT/bin/x86_64-conda_cos6-linux-gnu-ld) is GNU ld
configure:5850: result: yes
configure:5862: checking for BSD- or MS-compatible name lister (nm)
configure:5916: result: /root/anaconda3/envs/HPAT/bin/x86_64-conda_cos6-linux-gnu-nm
configure:6046: checking the name lister (/root/anaconda3/envs/HPAT/bin/x86_64-conda_cos6-linux-gnu-nm) interface
configure:6053: /root/anaconda3/envs/HPAT/bin/x86_64-conda_cos6-linux-gnu-cc -c -march=nocona -mtune=haswell -ftree-vectorize -fPIC -fstack-protector-strong -fno-plt -O2 -pipe -D_FORTIFY_SOURCE=2 -O2 conftest.c >&5
configure:6056: /root/anaconda3/envs/HPAT/bin/x86_64-conda_cos6-linux-gnu-nm "conftest.o"
configure:6059: output
0000000000000000 B some_variable
configure:6066: result: BSD nm
configure:6069: checking whether ln -s works
configure:6073: result: yes
configure:6081: checking the maximum length of command line arguments
configure:6212: result: 1572864
configure:6260: checking how to convert x86_64-pc-linux-gnu file names to x86_64-pc-linux-gnu format
configure:6300: result: func_convert_file_noop
configure:6307: checking how to convert x86_64-pc-linux-gnu file names to toolchain format
configure:6327: result: func_convert_file_noop
configure:6334: checking for /root/anaconda3/envs/HPAT/bin/x86_64-conda_cos6-linux-gnu-ld option to reload object files
configure:6341: result: -r
configure:6415: checking for objdump
configure:6442: result: /root/anaconda3/envs/HPAT/bin/x86_64-conda_cos6-linux-gnu-objdump
configure:6474: checking how to recognize dependent libraries
configure:6674: result: pass_all
configure:6759: checking for dlltool
configure:6789: result: no
configure:6819: checking how to associate runtime and link libraries
configure:6846: result: printf %s\n
configure:6971: checking for archiver @FILE support
configure:6988: /root/anaconda3/envs/HPAT/bin/x86_64-conda_cos6-linux-gnu-cc -c -march=nocona -mtune=haswell -ftree-vectorize -fPIC -fstack-protector-strong -fno-plt -O2 -pipe -D_FORTIFY_SOURCE=2 -O2 conftest.c >&5
configure:6988: $? = 0
configure:6991: /root/anaconda3/envs/HPAT/bin/x86_64-conda_cos6-linux-gnu-ar cru libconftest.a @conftest.lst >&5
configure:6994: $? = 0
configure:6999: /root/anaconda3/envs/HPAT/bin/x86_64-conda_cos6-linux-gnu-ar cru libconftest.a @conftest.lst >&5
/root/anaconda3/envs/HPAT/bin/x86_64-conda_cos6-linux-gnu-ar: conftest.o: No such file or directory
configure:7002: $? = 1
configure:7014: result: @
configure:7072: checking for strip
configure:7099: result: /root/anaconda3/envs/HPAT/bin/x86_64-conda_cos6-linux-gnu-strip
configure:7171: checking for ranlib
configure:7198: result: /root/anaconda3/envs/HPAT/bin/x86_64-conda_cos6-linux-gnu-ranlib
configure:7300: checking command to parse /root/anaconda3/envs/HPAT/bin/x86_64-conda_cos6-linux-gnu-nm output from /root/anaconda3/envs/HPAT/bin/x86_64-conda_cos6-linux-gnu-cc object
configure:7453: /root/anaconda3/envs/HPAT/bin/x86_64-conda_cos6-linux-gnu-cc -c -march=nocona -mtune=haswell -ftree-vectorize -fPIC -fstack-protector-strong -fno-plt -O2 -pipe -D_FORTIFY_SOURCE=2 -O2 conftest.c >&5
configure:7456: $? = 0
configure:7460: /root/anaconda3/envs/HPAT/bin/x86_64-conda_cos6-linux-gnu-nm conftest.o \| sed -n -e 's/^.*[ ]\([ABCDGIRSTW][ABCDGIRSTW]*\)[ ][ ]*\([_A-Za-z][_A-Za-z0-9]*\)$/\1 \2 \2/p' | sed '/ __gnu_lto/d' \> conftest.nm
configure:7463: $? = 0
configure:7529: /root/anaconda3/envs/HPAT/bin/x86_64-conda_cos6-linux-gnu-cc -o conftest -march=nocona -mtune=haswell -ftree-vectorize -fPIC -fstack-protector-strong -fno-plt -O2 -pipe -D_FORTIFY_SOURCE=2 -O2 -Wl,-O2 -Wl,--sort-common -Wl,--as-needed -Wl,-z,relro -Wl,-z,now conftest.c conftstm.o >&5
configure:7532: $? = 0
configure:7570: result: ok
configure:7617: checking for sysroot
configure:7647: result: no
configure:7654: checking for a working dd
configure:7692: result: /bin/dd
configure:7696: checking how to truncate binary pipes
configure:7711: result: /bin/dd bs=4096 count=1
configure:7847: /root/anaconda3/envs/HPAT/bin/x86_64-conda_cos6-linux-gnu-cc -c -march=nocona -mtune=haswell -ftree-vectorize -fPIC -fstack-protector-strong -fno-plt -O2 -pipe -D_FORTIFY_SOURCE=2 -O2 conftest.c >&5
configure:7850: $? = 0
configure:8040: checking for mt
configure:8070: result: no
configure:8090: checking if : is a manifest tool
configure:8096: : '-?'
configure:8104: result: no
configure:8781: checking how to run the C preprocessor
configure:8851: result: /root/anaconda3/envs/HPAT/bin/x86_64-conda_cos6-linux-gnu-cpp
configure:8871: /root/anaconda3/envs/HPAT/bin/x86_64-conda_cos6-linux-gnu-cpp -D_FORTIFY_SOURCE=2 -O2 conftest.c
configure:8871: $? = 0
configure:8885: /root/anaconda3/envs/HPAT/bin/x86_64-conda_cos6-linux-gnu-cpp -D_FORTIFY_SOURCE=2 -O2 conftest.c
conftest.c:11:10: fatal error: ac_nonexistent.h: No such file or directory
 #include <ac_nonexistent.h>
          ^~~~~~~~~~~~~~~~~~
compilation terminated.
configure:8885: $? = 1
configure: failed program was:
| /* confdefs.h */
| #define PACKAGE_NAME "hpat-parquet-reader"
| #define PACKAGE_TARNAME "hpat-parquet-reader"
| #define PACKAGE_VERSION "0.1"
| #define PACKAGE_STRING "hpat-parquet-reader 0.1"
| #define PACKAGE_BUGREPORT "ehsan.tn@gmail.com"
| #define PACKAGE_URL ""
| #define PACKAGE "hpat-parquet-reader"
| #define VERSION "0.1"
| /* end confdefs.h.  */
| #include <ac_nonexistent.h>
configure:8914: checking for ANSI C header files
configure:8934: /root/anaconda3/envs/HPAT/bin/x86_64-conda_cos6-linux-gnu-cc -c -march=nocona -mtune=haswell -ftree-vectorize -fPIC -fstack-protector-strong -fno-plt -O2 -pipe -D_FORTIFY_SOURCE=2 -O2 conftest.c >&5
configure:8934: $? = 0
configure:9007: /root/anaconda3/envs/HPAT/bin/x86_64-conda_cos6-linux-gnu-cc -o conftest -march=nocona -mtune=haswell -ftree-vectorize -fPIC -fstack-protector-strong -fno-plt -O2 -pipe -D_FORTIFY_SOURCE=2 -O2 -Wl,-O2 -Wl,--sort-common -Wl,--as-needed -Wl,-z,relro -Wl,-z,now conftest.c  >&5
configure:9007: $? = 0
configure:9007: ./conftest
configure:9007: $? = 0
configure:9018: result: yes
configure:9031: checking for sys/types.h
configure:9031: /root/anaconda3/envs/HPAT/bin/x86_64-conda_cos6-linux-gnu-cc -c -march=nocona -mtune=haswell -ftree-vectorize -fPIC -fstack-protector-strong -fno-plt -O2 -pipe -D_FORTIFY_SOURCE=2 -O2 conftest.c >&5
configure:9031: $? = 0
configure:9031: result: yes
configure:9031: checking for sys/stat.h
configure:9031: /root/anaconda3/envs/HPAT/bin/x86_64-conda_cos6-linux-gnu-cc -c -march=nocona -mtune=haswell -ftree-vectorize -fPIC -fstack-protector-strong -fno-plt -O2 -pipe -D_FORTIFY_SOURCE=2 -O2 conftest.c >&5
configure:9031: $? = 0
configure:9031: result: yes
configure:9031: checking for stdlib.h
configure:9031: /root/anaconda3/envs/HPAT/bin/x86_64-conda_cos6-linux-gnu-cc -c -march=nocona -mtune=haswell -ftree-vectorize -fPIC -fstack-protector-strong -fno-plt -O2 -pipe -D_FORTIFY_SOURCE=2 -O2 conftest.c >&5
configure:9031: $? = 0
configure:9031: result: yes
configure:9031: checking for string.h
configure:9031: /root/anaconda3/envs/HPAT/bin/x86_64-conda_cos6-linux-gnu-cc -c -march=nocona -mtune=haswell -ftree-vectorize -fPIC -fstack-protector-strong -fno-plt -O2 -pipe -D_FORTIFY_SOURCE=2 -O2 conftest.c >&5
configure:9031: $? = 0
configure:9031: result: yes
configure:9031: checking for memory.h
configure:9031: /root/anaconda3/envs/HPAT/bin/x86_64-conda_cos6-linux-gnu-cc -c -march=nocona -mtune=haswell -ftree-vectorize -fPIC -fstack-protector-strong -fno-plt -O2 -pipe -D_FORTIFY_SOURCE=2 -O2 conftest.c >&5
configure:9031: $? = 0
configure:9031: result: yes
configure:9031: checking for strings.h
configure:9031: /root/anaconda3/envs/HPAT/bin/x86_64-conda_cos6-linux-gnu-cc -c -march=nocona -mtune=haswell -ftree-vectorize -fPIC -fstack-protector-strong -fno-plt -O2 -pipe -D_FORTIFY_SOURCE=2 -O2 conftest.c >&5
configure:9031: $? = 0
configure:9031: result: yes
configure:9031: checking for inttypes.h
configure:9031: /root/anaconda3/envs/HPAT/bin/x86_64-conda_cos6-linux-gnu-cc -c -march=nocona -mtune=haswell -ftree-vectorize -fPIC -fstack-protector-strong -fno-plt -O2 -pipe -D_FORTIFY_SOURCE=2 -O2 conftest.c >&5
configure:9031: $? = 0
configure:9031: result: yes
configure:9031: checking for stdint.h
configure:9031: /root/anaconda3/envs/HPAT/bin/x86_64-conda_cos6-linux-gnu-cc -c -march=nocona -mtune=haswell -ftree-vectorize -fPIC -fstack-protector-strong -fno-plt -O2 -pipe -D_FORTIFY_SOURCE=2 -O2 conftest.c >&5
configure:9031: $? = 0
configure:9031: result: yes
configure:9031: checking for unistd.h
configure:9031: /root/anaconda3/envs/HPAT/bin/x86_64-conda_cos6-linux-gnu-cc -c -march=nocona -mtune=haswell -ftree-vectorize -fPIC -fstack-protector-strong -fno-plt -O2 -pipe -D_FORTIFY_SOURCE=2 -O2 conftest.c >&5
configure:9031: $? = 0
configure:9031: result: yes
configure:9045: checking for dlfcn.h
configure:9045: /root/anaconda3/envs/HPAT/bin/x86_64-conda_cos6-linux-gnu-cc -c -march=nocona -mtune=haswell -ftree-vectorize -fPIC -fstack-protector-strong -fno-plt -O2 -pipe -D_FORTIFY_SOURCE=2 -O2 conftest.c >&5
configure:9045: $? = 0
configure:9045: result: yes
configure:9301: checking for objdir
configure:9316: result: .libs
configure:9576: checking if /root/anaconda3/envs/HPAT/bin/x86_64-conda_cos6-linux-gnu-cc supports -fno-rtti -fno-exceptions
configure:9594: /root/anaconda3/envs/HPAT/bin/x86_64-conda_cos6-linux-gnu-cc -c -march=nocona -mtune=haswell -ftree-vectorize -fPIC -fstack-protector-strong -fno-plt -O2 -pipe -D_FORTIFY_SOURCE=2 -O2 -fno-rtti -fno-exceptions conftest.c >&5
cc1: warning: command line option '-fno-rtti' is valid for C++/ObjC++ but not for C
configure:9598: $? = 0
configure:9611: result: no
configure:9969: checking for /root/anaconda3/envs/HPAT/bin/x86_64-conda_cos6-linux-gnu-cc option to produce PIC
configure:9976: result: -fPIC -DPIC
configure:9984: checking if /root/anaconda3/envs/HPAT/bin/x86_64-conda_cos6-linux-gnu-cc PIC flag -fPIC -DPIC works
configure:10002: /root/anaconda3/envs/HPAT/bin/x86_64-conda_cos6-linux-gnu-cc -c -march=nocona -mtune=haswell -ftree-vectorize -fPIC -fstack-protector-strong -fno-plt -O2 -pipe -D_FORTIFY_SOURCE=2 -O2 -fPIC -DPIC -DPIC conftest.c >&5
configure:10006: $? = 0
configure:10019: result: yes
configure:10048: checking if /root/anaconda3/envs/HPAT/bin/x86_64-conda_cos6-linux-gnu-cc static flag -static works
configure:10076: result: yes
configure:10091: checking if /root/anaconda3/envs/HPAT/bin/x86_64-conda_cos6-linux-gnu-cc supports -c -o file.o
configure:10112: /root/anaconda3/envs/HPAT/bin/x86_64-conda_cos6-linux-gnu-cc -c -march=nocona -mtune=haswell -ftree-vectorize -fPIC -fstack-protector-strong -fno-plt -O2 -pipe -D_FORTIFY_SOURCE=2 -O2 -o out/conftest2.o conftest.c >&5
configure:10116: $? = 0
configure:10138: result: yes
configure:10146: checking if /root/anaconda3/envs/HPAT/bin/x86_64-conda_cos6-linux-gnu-cc supports -c -o file.o
configure:10193: result: yes
configure:10226: checking whether the /root/anaconda3/envs/HPAT/bin/x86_64-conda_cos6-linux-gnu-cc linker (/root/anaconda3/envs/HPAT/bin/x86_64-conda_cos6-linux-gnu-ld -m elf_x86_64) supports shared libraries
configure:11489: result: yes
configure:11526: checking whether -lc should be explicitly linked in
configure:11534: /root/anaconda3/envs/HPAT/bin/x86_64-conda_cos6-linux-gnu-cc -c -march=nocona -mtune=haswell -ftree-vectorize -fPIC -fstack-protector-strong -fno-plt -O2 -pipe -D_FORTIFY_SOURCE=2 -O2 conftest.c >&5
configure:11537: $? = 0
configure:11552: /root/anaconda3/envs/HPAT/bin/x86_64-conda_cos6-linux-gnu-cc -shared  -fPIC -DPIC conftest.o  -v -Wl,-soname -Wl,conftest -o conftest 2\>\&1 \| /bin/grep  -lc  \>/dev/null 2\>\&1
configure:11555: $? = 0
configure:11569: result: no
configure:11729: checking dynamic linker characteristics
configure:12310: /root/anaconda3/envs/HPAT/bin/x86_64-conda_cos6-linux-gnu-cc -o conftest -march=nocona -mtune=haswell -ftree-vectorize -fPIC -fstack-protector-strong -fno-plt -O2 -pipe -D_FORTIFY_SOURCE=2 -O2 -Wl,-O2 -Wl,--sort-common -Wl,--as-needed -Wl,-z,relro -Wl,-z,now -Wl,-rpath -Wl,/foo conftest.c  >&5
configure:12310: $? = 0
configure:12559: result: GNU/Linux ld.so
configure:12681: checking how to hardcode library paths into programs
configure:12706: result: immediate
configure:13254: checking whether stripping libraries is possible
configure:13259: result: yes
configure:13294: checking if libtool supports shared libraries
configure:13296: result: yes
configure:13299: checking whether to build shared libraries
configure:13324: result: yes
configure:13327: checking whether to build static libraries
configure:13331: result: yes
configure:13481: checking for C++ compiler version
configure:13490: /root/anaconda3/envs/HPAT/bin/x86_64-conda_cos6-linux-gnu-c++ --version >&5
x86_64-conda_cos6-linux-gnu-c++ (crosstool-NG 8a21ab48) 7.2.0
Copyright (C) 2017 Free Software Foundation, Inc.
This is free software; see the source for copying conditions.  There is NO
warranty; not even for MERCHANTABILITY or FITNESS FOR A PARTICULAR PURPOSE.

configure:13501: $? = 0
configure:13490: /root/anaconda3/envs/HPAT/bin/x86_64-conda_cos6-linux-gnu-c++ -v >&5
Reading specs from /root/anaconda3/envs/HPAT/bin/../lib/gcc/x86_64-conda_cos6-linux-gnu/7.2.0/specs
COLLECT_GCC=/root/anaconda3/envs/HPAT/bin/x86_64-conda_cos6-linux-gnu-c++
COLLECT_LTO_WRAPPER=/root/anaconda3/envs/HPAT/bin/../libexec/gcc/x86_64-conda_cos6-linux-gnu/7.2.0/lto-wrapper
Target: x86_64-conda_cos6-linux-gnu
Configured with: /home/msarahan/miniconda2/conda-bld/compilers_linux-64_1507259624353/work/.build/src/gcc-7.2.0/configure --build=x86_64-build_pc-linux-gnu --host=x86_64-build_pc-linux-gnu --target=x86_64-conda_cos6-linux-gnu --prefix=/home/msarahan/miniconda2/conda-bld/compilers_linux-64_1507259624353/work/gcc_built --with-sysroot=/home/msarahan/miniconda2/conda-bld/compilers_linux-64_1507259624353/work/gcc_built/x86_64-conda_cos6-linux-gnu/sysroot --enable-languages=c,c++,fortran,objc,obj-c++ --with-pkgversion='crosstool-NG 8a21ab48' --enable-__cxa_atexit --disable-libmudflap --enable-libgomp --disable-libssp --enable-libquadmath --enable-libquadmath-support --enable-libsanitizer --enable-libmpx --with-gmp=/home/msarahan/miniconda2/conda-bld/compilers_linux-64_1507259624353/work/.build/x86_64-conda_cos6-linux-gnu/buildtools --with-mpfr=/home/msarahan/miniconda2/conda-bld/compilers_linux-64_1507259624353/work/.build/x86_64-conda_cos6-linux-gnu/buildtools --with-mpc=/home/msarahan/miniconda2/conda-bld/compilers_linux-64_1507259624353/work/.build/x86_64-conda_cos6-linux-gnu/buildtools --with-isl=/home/msarahan/miniconda2/conda-bld/compilers_linux-64_1507259624353/work/.build/x86_64-conda_cos6-linux-gnu/buildtools --enable-lto --enable-threads=posix --enable-target-optspace --enable-plugin --enable-gold --disable-nls --disable-multilib --with-local-prefix=/home/msarahan/miniconda2/conda-bld/compilers_linux-64_1507259624353/work/gcc_built/x86_64-conda_cos6-linux-gnu/sysroot --enable-long-long --enable-default-pie
Thread model: posix
gcc version 7.2.0 (crosstool-NG 8a21ab48) 
configure:13501: $? = 0
configure:13490: /root/anaconda3/envs/HPAT/bin/x86_64-conda_cos6-linux-gnu-c++ -V >&5
x86_64-conda_cos6-linux-gnu-c++: error: unrecognized command line option '-V'
x86_64-conda_cos6-linux-gnu-c++: fatal error: no input files
compilation terminated.
configure:13501: $? = 1
configure:13490: /root/anaconda3/envs/HPAT/bin/x86_64-conda_cos6-linux-gnu-c++ -qversion >&5
x86_64-conda_cos6-linux-gnu-c++: error: unrecognized command line option '-qversion'; did you mean '--version'?
x86_64-conda_cos6-linux-gnu-c++: fatal error: no input files
compilation terminated.
configure:13501: $? = 1
configure:13505: checking whether we are using the GNU C++ compiler
configure:13524: /root/anaconda3/envs/HPAT/bin/x86_64-conda_cos6-linux-gnu-c++ -c -fvisibility-inlines-hidden -std=c++17 -fmessage-length=0 -march=nocona -mtune=haswell -ftree-vectorize -fPIC -fstack-protector-strong -fno-plt -O2 -pipe -D_FORTIFY_SOURCE=2 -O2 conftest.cpp >&5
configure:13524: $? = 0
configure:13533: result: yes
configure:13542: checking whether /root/anaconda3/envs/HPAT/bin/x86_64-conda_cos6-linux-gnu-c++ accepts -g
configure:13562: /root/anaconda3/envs/HPAT/bin/x86_64-conda_cos6-linux-gnu-c++ -c -g -D_FORTIFY_SOURCE=2 -O2 conftest.cpp >&5
configure:13562: $? = 0
configure:13603: result: yes
configure:13628: checking dependency style of /root/anaconda3/envs/HPAT/bin/x86_64-conda_cos6-linux-gnu-c++
configure:13739: result: gcc3
configure:13772: checking how to run the C++ preprocessor
configure:13799: /root/anaconda3/envs/HPAT/bin/x86_64-conda_cos6-linux-gnu-c++ -E -D_FORTIFY_SOURCE=2 -O2 conftest.cpp
configure:13799: $? = 0
configure:13813: /root/anaconda3/envs/HPAT/bin/x86_64-conda_cos6-linux-gnu-c++ -E -D_FORTIFY_SOURCE=2 -O2 conftest.cpp
conftest.cpp:23:10: fatal error: ac_nonexistent.h: No such file or directory
 #include <ac_nonexistent.h>
          ^~~~~~~~~~~~~~~~~~
compilation terminated.
configure:13813: $? = 1
configure: failed program was:
| /* confdefs.h */
| #define PACKAGE_NAME "hpat-parquet-reader"
| #define PACKAGE_TARNAME "hpat-parquet-reader"
| #define PACKAGE_VERSION "0.1"
| #define PACKAGE_STRING "hpat-parquet-reader 0.1"
| #define PACKAGE_BUGREPORT "ehsan.tn@gmail.com"
| #define PACKAGE_URL ""
| #define PACKAGE "hpat-parquet-reader"
| #define VERSION "0.1"
| #define STDC_HEADERS 1
| #define HAVE_SYS_TYPES_H 1
| #define HAVE_SYS_STAT_H 1
| #define HAVE_STDLIB_H 1
| #define HAVE_STRING_H 1
| #define HAVE_MEMORY_H 1
| #define HAVE_STRINGS_H 1
| #define HAVE_INTTYPES_H 1
| #define HAVE_STDINT_H 1
| #define HAVE_UNISTD_H 1
| #define HAVE_DLFCN_H 1
| #define LT_OBJDIR ".libs/"
| /* end confdefs.h.  */
| #include <ac_nonexistent.h>
configure:13838: result: /root/anaconda3/envs/HPAT/bin/x86_64-conda_cos6-linux-gnu-c++ -E
configure:13858: /root/anaconda3/envs/HPAT/bin/x86_64-conda_cos6-linux-gnu-c++ -E -D_FORTIFY_SOURCE=2 -O2 conftest.cpp
configure:13858: $? = 0
configure:13872: /root/anaconda3/envs/HPAT/bin/x86_64-conda_cos6-linux-gnu-c++ -E -D_FORTIFY_SOURCE=2 -O2 conftest.cpp
conftest.cpp:23:10: fatal error: ac_nonexistent.h: No such file or directory
 #include <ac_nonexistent.h>
          ^~~~~~~~~~~~~~~~~~
compilation terminated.
configure:13872: $? = 1
configure: failed program was:
| /* confdefs.h */
| #define PACKAGE_NAME "hpat-parquet-reader"
| #define PACKAGE_TARNAME "hpat-parquet-reader"
| #define PACKAGE_VERSION "0.1"
| #define PACKAGE_STRING "hpat-parquet-reader 0.1"
| #define PACKAGE_BUGREPORT "ehsan.tn@gmail.com"
| #define PACKAGE_URL ""
| #define PACKAGE "hpat-parquet-reader"
| #define VERSION "0.1"
| #define STDC_HEADERS 1
| #define HAVE_SYS_TYPES_H 1
| #define HAVE_SYS_STAT_H 1
| #define HAVE_STDLIB_H 1
| #define HAVE_STRING_H 1
| #define HAVE_MEMORY_H 1
| #define HAVE_STRINGS_H 1
| #define HAVE_INTTYPES_H 1
| #define HAVE_STDINT_H 1
| #define HAVE_UNISTD_H 1
| #define HAVE_DLFCN_H 1
| #define LT_OBJDIR ".libs/"
| /* end confdefs.h.  */
| #include <ac_nonexistent.h>
configure:14034: checking for ld used by /root/anaconda3/envs/HPAT/bin/x86_64-conda_cos6-linux-gnu-c++
configure:14101: result: /root/anaconda3/envs/HPAT/bin/x86_64-conda_cos6-linux-gnu-ld -m elf_x86_64
configure:14108: checking if the linker (/root/anaconda3/envs/HPAT/bin/x86_64-conda_cos6-linux-gnu-ld -m elf_x86_64) is GNU ld
configure:14123: result: yes
configure:14178: checking whether the /root/anaconda3/envs/HPAT/bin/x86_64-conda_cos6-linux-gnu-c++ linker (/root/anaconda3/envs/HPAT/bin/x86_64-conda_cos6-linux-gnu-ld -m elf_x86_64) supports shared libraries
configure:15251: result: yes
configure:15287: /root/anaconda3/envs/HPAT/bin/x86_64-conda_cos6-linux-gnu-c++ -c -fvisibility-inlines-hidden -std=c++17 -fmessage-length=0 -march=nocona -mtune=haswell -ftree-vectorize -fPIC -fstack-protector-strong -fno-plt -O2 -pipe -D_FORTIFY_SOURCE=2 -O2 conftest.cpp >&5
configure:15290: $? = 0
configure:15771: checking for /root/anaconda3/envs/HPAT/bin/x86_64-conda_cos6-linux-gnu-c++ option to produce PIC
configure:15778: result: -fPIC -DPIC
configure:15786: checking if /root/anaconda3/envs/HPAT/bin/x86_64-conda_cos6-linux-gnu-c++ PIC flag -fPIC -DPIC works
configure:15804: /root/anaconda3/envs/HPAT/bin/x86_64-conda_cos6-linux-gnu-c++ -c -fvisibility-inlines-hidden -std=c++17 -fmessage-length=0 -march=nocona -mtune=haswell -ftree-vectorize -fPIC -fstack-protector-strong -fno-plt -O2 -pipe -D_FORTIFY_SOURCE=2 -O2 -fPIC -DPIC -DPIC conftest.cpp >&5
configure:15808: $? = 0
configure:15821: result: yes
configure:15844: checking if /root/anaconda3/envs/HPAT/bin/x86_64-conda_cos6-linux-gnu-c++ static flag -static works
configure:15872: result: yes
configure:15884: checking if /root/anaconda3/envs/HPAT/bin/x86_64-conda_cos6-linux-gnu-c++ supports -c -o file.o
configure:15905: /root/anaconda3/envs/HPAT/bin/x86_64-conda_cos6-linux-gnu-c++ -c -fvisibility-inlines-hidden -std=c++17 -fmessage-length=0 -march=nocona -mtune=haswell -ftree-vectorize -fPIC -fstack-protector-strong -fno-plt -O2 -pipe -D_FORTIFY_SOURCE=2 -O2 -o out/conftest2.o conftest.cpp >&5
configure:15909: $? = 0
configure:15931: result: yes
configure:15936: checking if /root/anaconda3/envs/HPAT/bin/x86_64-conda_cos6-linux-gnu-c++ supports -c -o file.o
configure:15983: result: yes
configure:16013: checking whether the /root/anaconda3/envs/HPAT/bin/x86_64-conda_cos6-linux-gnu-c++ linker (/root/anaconda3/envs/HPAT/bin/x86_64-conda_cos6-linux-gnu-ld -m elf_x86_64) supports shared libraries
configure:16056: result: yes
configure:16197: checking dynamic linker characteristics
configure:16954: result: GNU/Linux ld.so
configure:17019: checking how to hardcode library paths into programs
configure:17044: result: immediate
configure:17090: checking for stdbool.h that conforms to C99
configure:17157: /root/anaconda3/envs/HPAT/bin/x86_64-conda_cos6-linux-gnu-cc -c -march=nocona -mtune=haswell -ftree-vectorize -fPIC -fstack-protector-strong -fno-plt -O2 -pipe -D_FORTIFY_SOURCE=2 -O2 conftest.c >&5
configure:17157: $? = 0
configure:17164: result: yes
configure:17166: checking for _Bool
configure:17166: /root/anaconda3/envs/HPAT/bin/x86_64-conda_cos6-linux-gnu-cc -c -march=nocona -mtune=haswell -ftree-vectorize -fPIC -fstack-protector-strong -fno-plt -O2 -pipe -D_FORTIFY_SOURCE=2 -O2 conftest.c >&5
configure:17166: $? = 0
configure:17166: /root/anaconda3/envs/HPAT/bin/x86_64-conda_cos6-linux-gnu-cc -c -march=nocona -mtune=haswell -ftree-vectorize -fPIC -fstack-protector-strong -fno-plt -O2 -pipe -D_FORTIFY_SOURCE=2 -O2 conftest.c >&5
conftest.c: In function 'main':
conftest.c:59:20: error: expected expression before ')' token
 if (sizeof ((_Bool)))
                    ^
configure:17166: $? = 1
configure: failed program was:
| /* confdefs.h */
| #define PACKAGE_NAME "hpat-parquet-reader"
| #define PACKAGE_TARNAME "hpat-parquet-reader"
| #define PACKAGE_VERSION "0.1"
| #define PACKAGE_STRING "hpat-parquet-reader 0.1"
| #define PACKAGE_BUGREPORT "ehsan.tn@gmail.com"
| #define PACKAGE_URL ""
| #define PACKAGE "hpat-parquet-reader"
| #define VERSION "0.1"
| #define STDC_HEADERS 1
| #define HAVE_SYS_TYPES_H 1
| #define HAVE_SYS_STAT_H 1
| #define HAVE_STDLIB_H 1
| #define HAVE_STRING_H 1
| #define HAVE_MEMORY_H 1
| #define HAVE_STRINGS_H 1
| #define HAVE_INTTYPES_H 1
| #define HAVE_STDINT_H 1
| #define HAVE_UNISTD_H 1
| #define HAVE_DLFCN_H 1
| #define LT_OBJDIR ".libs/"
| /* end confdefs.h.  */
| #include <stdio.h>
| #ifdef HAVE_SYS_TYPES_H
| # include <sys/types.h>
| #endif
| #ifdef HAVE_SYS_STAT_H
| # include <sys/stat.h>
| #endif
| #ifdef STDC_HEADERS
| # include <stdlib.h>
| # include <stddef.h>
| #else
| # ifdef HAVE_STDLIB_H
| #  include <stdlib.h>
| # endif
| #endif
| #ifdef HAVE_STRING_H
| # if !defined STDC_HEADERS && defined HAVE_MEMORY_H
| #  include <memory.h>
| # endif
| # include <string.h>
| #endif
| #ifdef HAVE_STRINGS_H
| # include <strings.h>
| #endif
| #ifdef HAVE_INTTYPES_H
| # include <inttypes.h>
| #endif
| #ifdef HAVE_STDINT_H
| # include <stdint.h>
| #endif
| #ifdef HAVE_UNISTD_H
| # include <unistd.h>
| #endif
| int
| main ()
| {
| if (sizeof ((_Bool)))
| 	    return 0;
|   ;
|   return 0;
| }
configure:17166: result: yes
configure:17177: checking for inline
configure:17193: /root/anaconda3/envs/HPAT/bin/x86_64-conda_cos6-linux-gnu-cc -c -march=nocona -mtune=haswell -ftree-vectorize -fPIC -fstack-protector-strong -fno-plt -O2 -pipe -D_FORTIFY_SOURCE=2 -O2 conftest.c >&5
configure:17193: $? = 0
configure:17201: result: inline
configure:17219: checking for int64_t
configure:17219: /root/anaconda3/envs/HPAT/bin/x86_64-conda_cos6-linux-gnu-cc -c -march=nocona -mtune=haswell -ftree-vectorize -fPIC -fstack-protector-strong -fno-plt -O2 -pipe -D_FORTIFY_SOURCE=2 -O2 conftest.c >&5
configure:17219: $? = 0
configure:17219: /root/anaconda3/envs/HPAT/bin/x86_64-conda_cos6-linux-gnu-cc -c -march=nocona -mtune=haswell -ftree-vectorize -fPIC -fstack-protector-strong -fno-plt -O2 -pipe -D_FORTIFY_SOURCE=2 -O2 conftest.c >&5
conftest.c: In function 'main':
conftest.c:62:53: warning: integer overflow in expression [-Woverflow]
    < (int64_t) (((((int64_t) 1 << N) << N) - 1) * 2 + 2))];
                                                     ^
conftest.c:61:12: error: storage size of 'test_array' isn't constant
 static int test_array [1 - 2 * !((int64_t) (((((int64_t) 1 << N) << N) - 1) * 2 + 1)
            ^~~~~~~~~~
configure:17219: $? = 1
configure: failed program was:
| /* confdefs.h */
| #define PACKAGE_NAME "hpat-parquet-reader"
| #define PACKAGE_TARNAME "hpat-parquet-reader"
| #define PACKAGE_VERSION "0.1"
| #define PACKAGE_STRING "hpat-parquet-reader 0.1"
| #define PACKAGE_BUGREPORT "ehsan.tn@gmail.com"
| #define PACKAGE_URL ""
| #define PACKAGE "hpat-parquet-reader"
| #define VERSION "0.1"
| #define STDC_HEADERS 1
| #define HAVE_SYS_TYPES_H 1
| #define HAVE_SYS_STAT_H 1
| #define HAVE_STDLIB_H 1
| #define HAVE_STRING_H 1
| #define HAVE_MEMORY_H 1
| #define HAVE_STRINGS_H 1
| #define HAVE_INTTYPES_H 1
| #define HAVE_STDINT_H 1
| #define HAVE_UNISTD_H 1
| #define HAVE_DLFCN_H 1
| #define LT_OBJDIR ".libs/"
| #define HAVE__BOOL 1
| /* end confdefs.h.  */
| #include <stdio.h>
| #ifdef HAVE_SYS_TYPES_H
| # include <sys/types.h>
| #endif
| #ifdef HAVE_SYS_STAT_H
| # include <sys/stat.h>
| #endif
| #ifdef STDC_HEADERS
| # include <stdlib.h>
| # include <stddef.h>
| #else
| # ifdef HAVE_STDLIB_H
| #  include <stdlib.h>
| # endif
| #endif
| #ifdef HAVE_STRING_H
| # if !defined STDC_HEADERS && defined HAVE_MEMORY_H
| #  include <memory.h>
| # endif
| # include <string.h>
| #endif
| #ifdef HAVE_STRINGS_H
| # include <strings.h>
| #endif
| #ifdef HAVE_INTTYPES_H
| # include <inttypes.h>
| #endif
| #ifdef HAVE_STDINT_H
| # include <stdint.h>
| #endif
| #ifdef HAVE_UNISTD_H
| # include <unistd.h>
| #endif
| 	        enum { N = 64 / 2 - 1 };
| int
| main ()
| {
| static int test_array [1 - 2 * !((int64_t) (((((int64_t) 1 << N) << N) - 1) * 2 + 1)
| 		 < (int64_t) (((((int64_t) 1 << N) << N) - 1) * 2 + 2))];
| test_array [0] = 0;
| return test_array [0];
| 
|   ;
|   return 0;
| }
configure:17219: result: yes
configure:17230: checking for uint32_t
configure:17230: /root/anaconda3/envs/HPAT/bin/x86_64-conda_cos6-linux-gnu-cc -c -march=nocona -mtune=haswell -ftree-vectorize -fPIC -fstack-protector-strong -fno-plt -O2 -pipe -D_FORTIFY_SOURCE=2 -O2 conftest.c >&5
configure:17230: $? = 0
configure:17230: result: yes
configure:17244: checking for uint8_t
configure:17244: /root/anaconda3/envs/HPAT/bin/x86_64-conda_cos6-linux-gnu-cc -c -march=nocona -mtune=haswell -ftree-vectorize -fPIC -fstack-protector-strong -fno-plt -O2 -pipe -D_FORTIFY_SOURCE=2 -O2 conftest.c >&5
configure:17244: $? = 0
configure:17244: result: yes
configure:17370: checking that generated files are newer than configure
configure:17376: result: done
configure:17403: creating ./config.status

## ---------------------- ##
## Running config.status. ##
## ---------------------- ##

This file was extended by hpat-parquet-reader config.status 0.1, which was
generated by GNU Autoconf 2.69.  Invocation command line was

  CONFIG_FILES    = 
  CONFIG_HEADERS  = 
  CONFIG_LINKS    = 
  CONFIG_COMMANDS = 
  $ ./config.status 

on d3b40cab2c44

config.status:1150: creating Makefile
config.status:1150: creating src/Makefile
config.status:1150: creating config.h
config.status:1331: config.h is unchanged
config.status:1379: executing depfiles commands
config.status:1379: executing libtool commands

## ---------------- ##
## Cache variables. ##
## ---------------- ##

ac_cv_build=x86_64-pc-linux-gnu
ac_cv_c_compiler_gnu=yes
ac_cv_c_inline=inline
ac_cv_c_int64_t=yes
ac_cv_c_uint32_t=yes
ac_cv_c_uint8_t=yes
ac_cv_cxx_compiler_gnu=yes
ac_cv_env_CCC_set=
ac_cv_env_CCC_value=
ac_cv_env_CC_set=set
ac_cv_env_CC_value=/root/anaconda3/envs/HPAT/bin/x86_64-conda_cos6-linux-gnu-cc
ac_cv_env_CFLAGS_set=set
ac_cv_env_CFLAGS_value='-march=nocona -mtune=haswell -ftree-vectorize -fPIC -fstack-protector-strong -fno-plt -O2 -pipe'
ac_cv_env_CPPFLAGS_set=set
ac_cv_env_CPPFLAGS_value='-D_FORTIFY_SOURCE=2 -O2'
ac_cv_env_CPP_set=set
ac_cv_env_CPP_value=/root/anaconda3/envs/HPAT/bin/x86_64-conda_cos6-linux-gnu-cpp
ac_cv_env_CXXCPP_set=
ac_cv_env_CXXCPP_value=
ac_cv_env_CXXFLAGS_set=set
ac_cv_env_CXXFLAGS_value='-fvisibility-inlines-hidden -std=c++17 -fmessage-length=0 -march=nocona -mtune=haswell -ftree-vectorize -fPIC -fstack-protector-strong -fno-plt -O2 -pipe'
ac_cv_env_CXX_set=set
ac_cv_env_CXX_value=/root/anaconda3/envs/HPAT/bin/x86_64-conda_cos6-linux-gnu-c++
ac_cv_env_LDFLAGS_set=set
ac_cv_env_LDFLAGS_value='-Wl,-O2 -Wl,--sort-common -Wl,--as-needed -Wl,-z,relro -Wl,-z,now'
ac_cv_env_LIBS_set=
ac_cv_env_LIBS_value=
ac_cv_env_LT_SYS_LIBRARY_PATH_set=
ac_cv_env_LT_SYS_LIBRARY_PATH_value=
ac_cv_env_build_alias_set=
ac_cv_env_build_alias_value=
ac_cv_env_host_alias_set=
ac_cv_env_host_alias_value=
ac_cv_env_target_alias_set=
ac_cv_env_target_alias_value=
ac_cv_header_dlfcn_h=yes
ac_cv_header_inttypes_h=yes
ac_cv_header_memory_h=yes
ac_cv_header_stdbool_h=yes
ac_cv_header_stdc=yes
ac_cv_header_stdint_h=yes
ac_cv_header_stdlib_h=yes
ac_cv_header_string_h=yes
ac_cv_header_strings_h=yes
ac_cv_header_sys_stat_h=yes
ac_cv_header_sys_types_h=yes
ac_cv_header_unistd_h=yes
ac_cv_host=x86_64-pc-linux-gnu
ac_cv_objext=o
ac_cv_path_EGREP='/bin/grep -E'
ac_cv_path_FGREP='/bin/grep -F'
ac_cv_path_GREP=/bin/grep
ac_cv_path_SED=/bin/sed
ac_cv_path_install='/usr/bin/install -c'
ac_cv_path_lt_DD=/bin/dd
ac_cv_path_mkdir=/bin/mkdir
ac_cv_prog_AWK=mawk
ac_cv_prog_CPP=/root/anaconda3/envs/HPAT/bin/x86_64-conda_cos6-linux-gnu-cpp
ac_cv_prog_CXXCPP='/root/anaconda3/envs/HPAT/bin/x86_64-conda_cos6-linux-gnu-c++ -E'
ac_cv_prog_ac_ct_CC=/root/anaconda3/envs/HPAT/bin/x86_64-conda_cos6-linux-gnu-cc
ac_cv_prog_ac_ct_OBJDUMP=/root/anaconda3/envs/HPAT/bin/x86_64-conda_cos6-linux-gnu-objdump
ac_cv_prog_ac_ct_RANLIB=/root/anaconda3/envs/HPAT/bin/x86_64-conda_cos6-linux-gnu-ranlib
ac_cv_prog_ac_ct_STRIP=/root/anaconda3/envs/HPAT/bin/x86_64-conda_cos6-linux-gnu-strip
ac_cv_prog_cc_c89=
ac_cv_prog_cc_g=yes
ac_cv_prog_cxx_g=yes
ac_cv_prog_make_make_set=yes
ac_cv_type__Bool=yes
am_cv_CC_dependencies_compiler_type=gcc3
am_cv_CXX_dependencies_compiler_type=gcc3
am_cv_make_support_nested_variables=yes
am_cv_prog_cc_c_o=yes
lt_cv_ar_at_file=@
lt_cv_archive_cmds_need_lc=no
lt_cv_deplibs_check_method=pass_all
lt_cv_file_magic_cmd='$MAGIC_CMD'
lt_cv_file_magic_test_file=
lt_cv_ld_reload_flag=-r
lt_cv_nm_interface='BSD nm'
lt_cv_objdir=.libs
lt_cv_path_LD=/root/anaconda3/envs/HPAT/bin/x86_64-conda_cos6-linux-gnu-ld
lt_cv_path_LDCXX='/root/anaconda3/envs/HPAT/bin/x86_64-conda_cos6-linux-gnu-ld -m elf_x86_64'
lt_cv_path_NM=/root/anaconda3/envs/HPAT/bin/x86_64-conda_cos6-linux-gnu-nm
lt_cv_path_mainfest_tool=no
lt_cv_prog_compiler_c_o=yes
lt_cv_prog_compiler_c_o_CXX=yes
lt_cv_prog_compiler_pic='-fPIC -DPIC'
lt_cv_prog_compiler_pic_CXX='-fPIC -DPIC'
lt_cv_prog_compiler_pic_works=yes
lt_cv_prog_compiler_pic_works_CXX=yes
lt_cv_prog_compiler_rtti_exceptions=no
lt_cv_prog_compiler_static_works=yes
lt_cv_prog_compiler_static_works_CXX=yes
lt_cv_prog_gnu_ld=yes
lt_cv_prog_gnu_ldcxx=yes
lt_cv_sharedlib_from_linklib_cmd='printf %s\n'
lt_cv_shlibpath_overrides_runpath=no
lt_cv_sys_global_symbol_pipe='sed -n -e '\''s/^.*[	 ]\([ABCDGIRSTW][ABCDGIRSTW]*\)[	 ][	 ]*\([_A-Za-z][_A-Za-z0-9]*\)$/\1 \2 \2/p'\'' | sed '\''/ __gnu_lto/d'\'''
lt_cv_sys_global_symbol_to_c_name_address='sed -n -e '\''s/^: \(.*\) .*$/  {"\1", (void *) 0},/p'\'' -e '\''s/^[ABCDGIRSTW][ABCDGIRSTW]* .* \(.*\)$/  {"\1", (void *) \&\1},/p'\'''
lt_cv_sys_global_symbol_to_c_name_address_lib_prefix='sed -n -e '\''s/^: \(.*\) .*$/  {"\1", (void *) 0},/p'\'' -e '\''s/^[ABCDGIRSTW][ABCDGIRSTW]* .* \(lib.*\)$/  {"\1", (void *) \&\1},/p'\'' -e '\''s/^[ABCDGIRSTW][ABCDGIRSTW]* .* \(.*\)$/  {"lib\1", (void *) \&\1},/p'\'''
lt_cv_sys_global_symbol_to_cdecl='sed -n -e '\''s/^T .* \(.*\)$/extern int \1();/p'\'' -e '\''s/^[ABCDGIRSTW][ABCDGIRSTW]* .* \(.*\)$/extern char \1;/p'\'''
lt_cv_sys_global_symbol_to_import=
lt_cv_sys_max_cmd_len=1572864
lt_cv_to_host_file_cmd=func_convert_file_noop
lt_cv_to_tool_file_cmd=func_convert_file_noop
lt_cv_truncate_bin='/bin/dd bs=4096 count=1'

## ----------------- ##
## Output variables. ##
## ----------------- ##

ACLOCAL='${SHELL} /root/hpat/parquet_reader/missing aclocal-1.15'
AMDEPBACKSLASH='\'
AMDEP_FALSE='#'
AMDEP_TRUE=''
AMTAR='$${TAR-tar}'
AM_BACKSLASH='\'
AM_DEFAULT_V='$(AM_DEFAULT_VERBOSITY)'
AM_DEFAULT_VERBOSITY='1'
AM_V='$(V)'
AR='/root/anaconda3/envs/HPAT/bin/x86_64-conda_cos6-linux-gnu-ar'
AUTOCONF='${SHELL} /root/hpat/parquet_reader/missing autoconf'
AUTOHEADER='${SHELL} /root/hpat/parquet_reader/missing autoheader'
AUTOMAKE='${SHELL} /root/hpat/parquet_reader/missing automake-1.15'
AWK='mawk'
CC='/root/anaconda3/envs/HPAT/bin/x86_64-conda_cos6-linux-gnu-cc'
CCDEPMODE='depmode=gcc3'
CFLAGS='-march=nocona -mtune=haswell -ftree-vectorize -fPIC -fstack-protector-strong -fno-plt -O2 -pipe'
CPP='/root/anaconda3/envs/HPAT/bin/x86_64-conda_cos6-linux-gnu-cpp'
CPPFLAGS='-D_FORTIFY_SOURCE=2 -O2'
CXX='/root/anaconda3/envs/HPAT/bin/x86_64-conda_cos6-linux-gnu-c++'
CXXCPP='/root/anaconda3/envs/HPAT/bin/x86_64-conda_cos6-linux-gnu-c++ -E'
CXXDEPMODE='depmode=gcc3'
CXXFLAGS='-fvisibility-inlines-hidden -std=c++17 -fmessage-length=0 -march=nocona -mtune=haswell -ftree-vectorize -fPIC -fstack-protector-strong -fno-plt -O2 -pipe'
CYGPATH_W='echo'
DEFS='-DHAVE_CONFIG_H'
DEPDIR='.deps'
DLLTOOL='false'
DSYMUTIL=''
DUMPBIN=''
ECHO_C=''
ECHO_N='-n'
ECHO_T=''
EGREP='/bin/grep -E'
EXEEXT=''
FGREP='/bin/grep -F'
GREP='/bin/grep'
INSTALL_DATA='${INSTALL} -m 644'
INSTALL_PROGRAM='${INSTALL}'
INSTALL_SCRIPT='${INSTALL}'
INSTALL_STRIP_PROGRAM='$(install_sh) -c -s'
LD='/root/anaconda3/envs/HPAT/bin/x86_64-conda_cos6-linux-gnu-ld -m elf_x86_64'
LDFLAGS='-Wl,-O2 -Wl,--sort-common -Wl,--as-needed -Wl,-z,relro -Wl,-z,now'
LIBOBJS=''
LIBS=''
LIBTOOL='$(SHELL) $(top_builddir)/libtool'
LIPO=''
LN_S='ln -s'
LTLIBOBJS=''
LT_SYS_LIBRARY_PATH=''
MAKEINFO='${SHELL} /root/hpat/parquet_reader/missing makeinfo'
MANIFEST_TOOL=':'
MKDIR_P='/bin/mkdir -p'
NM='/root/anaconda3/envs/HPAT/bin/x86_64-conda_cos6-linux-gnu-nm'
NMEDIT=''
OBJDUMP='/root/anaconda3/envs/HPAT/bin/x86_64-conda_cos6-linux-gnu-objdump'
OBJEXT='o'
OTOOL64=''
OTOOL=''
PACKAGE='hpat-parquet-reader'
PACKAGE_BUGREPORT='ehsan.tn@gmail.com'
PACKAGE_NAME='hpat-parquet-reader'
PACKAGE_STRING='hpat-parquet-reader 0.1'
PACKAGE_TARNAME='hpat-parquet-reader'
PACKAGE_URL=''
PACKAGE_VERSION='0.1'
PATH_SEPARATOR=':'
RANLIB='/root/anaconda3/envs/HPAT/bin/x86_64-conda_cos6-linux-gnu-ranlib'
SED='/bin/sed'
SET_MAKE=''
SHELL='/bin/sh'
STRIP='/root/anaconda3/envs/HPAT/bin/x86_64-conda_cos6-linux-gnu-strip'
VERSION='0.1'
ac_ct_AR=''
ac_ct_CC='/root/anaconda3/envs/HPAT/bin/x86_64-conda_cos6-linux-gnu-cc'
ac_ct_CXX=''
ac_ct_DUMPBIN=''
am__EXEEXT_FALSE=''
am__EXEEXT_TRUE='#'
am__fastdepCC_FALSE='#'
am__fastdepCC_TRUE=''
am__fastdepCXX_FALSE='#'
am__fastdepCXX_TRUE=''
am__include='include'
am__isrc=''
am__leading_dot='.'
am__nodep='_no'
am__quote=''
am__tar='$${TAR-tar} chof - "$$tardir"'
am__untar='$${TAR-tar} xf -'
bindir='${exec_prefix}/bin'
build='x86_64-pc-linux-gnu'
build_alias=''
build_cpu='x86_64'
build_os='linux-gnu'
build_vendor='pc'
datadir='${datarootdir}'
datarootdir='${prefix}/share'
docdir='${datarootdir}/doc/${PACKAGE_TARNAME}'
dvidir='${docdir}'
exec_prefix='${prefix}'
host='x86_64-pc-linux-gnu'
host_alias=''
host_cpu='x86_64'
host_os='linux-gnu'
host_vendor='pc'
htmldir='${docdir}'
includedir='${prefix}/include'
infodir='${datarootdir}/info'
install_sh='${SHELL} /root/hpat/parquet_reader/install-sh'
libdir='${exec_prefix}/lib'
libexecdir='${exec_prefix}/libexec'
localedir='${datarootdir}/locale'
localstatedir='${prefix}/var'
mandir='${datarootdir}/man'
mkdir_p='$(MKDIR_P)'
oldincludedir='/usr/include'
pdfdir='${docdir}'
prefix='/root/anaconda3/envs/HPAT'
program_transform_name='s,x,x,'
psdir='${docdir}'
runstatedir='${localstatedir}/run'
sbindir='${exec_prefix}/sbin'
sharedstatedir='${prefix}/com'
sysconfdir='${prefix}/etc'
target_alias=''

## ----------- ##
## confdefs.h. ##
## ----------- ##

/* confdefs.h */
#define PACKAGE_NAME "hpat-parquet-reader"
#define PACKAGE_TARNAME "hpat-parquet-reader"
#define PACKAGE_VERSION "0.1"
#define PACKAGE_STRING "hpat-parquet-reader 0.1"
#define PACKAGE_BUGREPORT "ehsan.tn@gmail.com"
#define PACKAGE_URL ""
#define PACKAGE "hpat-parquet-reader"
#define VERSION "0.1"
#define STDC_HEADERS 1
#define HAVE_SYS_TYPES_H 1
#define HAVE_SYS_STAT_H 1
#define HAVE_STDLIB_H 1
#define HAVE_STRING_H 1
#define HAVE_MEMORY_H 1
#define HAVE_STRINGS_H 1
#define HAVE_INTTYPES_H 1
#define HAVE_STDINT_H 1
#define HAVE_UNISTD_H 1
#define HAVE_DLFCN_H 1
#define LT_OBJDIR ".libs/"
#define HAVE__BOOL 1

configure: exit 0
